Analysis & Synthesis report for DE10_Standard_PS2
Sat Jun 14 07:02:34 2025
Quartus Prime Version 24.1std.0 Build 1077 03/04/2025 SC Lite Edition


---------------------
; Table of Contents ;
---------------------
  1. Legal Notice
  2. Analysis & Synthesis Summary
  3. Analysis & Synthesis Settings
  4. Parallel Compilation
  5. Analysis & Synthesis Source Files Read
  6. Analysis & Synthesis Resource Usage Summary
  7. Analysis & Synthesis Resource Utilization by Entity
  8. General Register Statistics
  9. Multiplexer Restructuring Statistics (No Restructuring Performed)
 10. Parameter Settings for User Entity Instance: ps2:U1
 11. Port Connectivity Checks: "ps2:U1|SEG7_LUT:U4"
 12. Port Connectivity Checks: "ps2:U1|SEG7_LUT:U3"
 13. Port Connectivity Checks: "ps2:U1|SEG7_LUT:U2"
 14. Post-Synthesis Netlist Statistics for Top Partition
 15. Elapsed Time Per Partition
 16. Analysis & Synthesis Messages



----------------
; Legal Notice ;
----------------
Copyright (C) 2025  Altera Corporation. All rights reserved.
Your use of Altera Corporation's design tools, logic functions 
and other software and tools, and any partner logic 
functions, and any output files from any of the foregoing 
(including device programming or simulation files), and any 
associated documentation or information are expressly subject 
to the terms and conditions of the Altera Program License 
Subscription Agreement, the Altera Quartus Prime License Agreement,
the Altera IP License Agreement, or other applicable license
agreement, including, without limitation, that your use is for
the sole purpose of programming logic devices manufactured by
Altera and sold by Altera or its authorized distributors.  Please
refer to the Altera Software License Subscription Agreements 
on the Quartus Prime software download page.



+-----------------------------------------------------------------------------------+
; Analysis & Synthesis Summary                                                      ;
+---------------------------------+-------------------------------------------------+
; Analysis & Synthesis Status     ; Successful - Sat Jun 14 07:02:34 2025           ;
; Quartus Prime Version           ; 24.1std.0 Build 1077 03/04/2025 SC Lite Edition ;
; Revision Name                   ; DE10_Standard_PS2                               ;
; Top-level Entity Name           ; DE10_Standard_PS2                               ;
; Family                          ; Cyclone V                                       ;
; Logic utilization (in ALMs)     ; N/A                                             ;
; Total registers                 ; 41                                              ;
; Total pins                      ; 168                                             ;
; Total virtual pins              ; 0                                               ;
; Total block memory bits         ; 0                                               ;
; Total DSP Blocks                ; 0                                               ;
; Total HSSI RX PCSs              ; 0                                               ;
; Total HSSI PMA RX Deserializers ; 0                                               ;
; Total HSSI TX PCSs              ; 0                                               ;
; Total HSSI PMA TX Serializers   ; 0                                               ;
; Total PLLs                      ; 0                                               ;
; Total DLLs                      ; 0                                               ;
+---------------------------------+-------------------------------------------------+


+---------------------------------------------------------------------------------------------------------------------------+
; Analysis & Synthesis Settings                                                                                             ;
+---------------------------------------------------------------------------------+--------------------+--------------------+
; Option                                                                          ; Setting            ; Default Value      ;
+---------------------------------------------------------------------------------+--------------------+--------------------+
; Device                                                                          ; 5CSXFC6D6F31C6     ;                    ;
; Top-level entity name                                                           ; DE10_Standard_PS2  ; DE10_Standard_PS2  ;
; Family name                                                                     ; Cyclone V          ; Cyclone V          ;
; Restructure Multiplexers                                                        ; Off                ; Auto               ;
; Optimization Technique                                                          ; Speed              ; Balanced           ;
; Use smart compilation                                                           ; Off                ; Off                ;
; Enable parallel Assembler and Timing Analyzer during compilation                ; On                 ; On                 ;
; Enable compact report table                                                     ; Off                ; Off                ;
; MLAB Add Timing Constraints For Mixed-Port Feed-Through Mode Setting Don't Care ; Off                ; Off                ;
; Create Debugging Nodes for IP Cores                                             ; Off                ; Off                ;
; Preserve fewer node names                                                       ; On                 ; On                 ;
; Intel FPGA IP Evaluation Mode                                                   ; Enable             ; Enable             ;
; Verilog Version                                                                 ; Verilog_2001       ; Verilog_2001       ;
; VHDL Version                                                                    ; VHDL_1993          ; VHDL_1993          ;
; State Machine Processing                                                        ; Auto               ; Auto               ;
; Safe State Machine                                                              ; Off                ; Off                ;
; Extract Verilog State Machines                                                  ; On                 ; On                 ;
; Extract VHDL State Machines                                                     ; On                 ; On                 ;
; Ignore Verilog initial constructs                                               ; Off                ; Off                ;
; Iteration limit for constant Verilog loops                                      ; 5000               ; 5000               ;
; Iteration limit for non-constant Verilog loops                                  ; 250                ; 250                ;
; Add Pass-Through Logic to Inferred RAMs                                         ; On                 ; On                 ;
; Infer RAMs from Raw Logic                                                       ; On                 ; On                 ;
; Parallel Synthesis                                                              ; On                 ; On                 ;
; DSP Block Balancing                                                             ; Auto               ; Auto               ;
; NOT Gate Push-Back                                                              ; On                 ; On                 ;
; Power-Up Don't Care                                                             ; On                 ; On                 ;
; Remove Redundant Logic Cells                                                    ; Off                ; Off                ;
; Remove Duplicate Registers                                                      ; On                 ; On                 ;
; Ignore CARRY Buffers                                                            ; Off                ; Off                ;
; Ignore CASCADE Buffers                                                          ; Off                ; Off                ;
; Ignore GLOBAL Buffers                                                           ; Off                ; Off                ;
; Ignore ROW GLOBAL Buffers                                                       ; Off                ; Off                ;
; Ignore LCELL Buffers                                                            ; Off                ; Off                ;
; Ignore SOFT Buffers                                                             ; On                 ; On                 ;
; Limit AHDL Integers to 32 Bits                                                  ; Off                ; Off                ;
; Carry Chain Length                                                              ; 70                 ; 70                 ;
; Auto Carry Chains                                                               ; On                 ; On                 ;
; Auto Open-Drain Pins                                                            ; On                 ; On                 ;
; Perform WYSIWYG Primitive Resynthesis                                           ; Off                ; Off                ;
; Auto ROM Replacement                                                            ; On                 ; On                 ;
; Auto RAM Replacement                                                            ; On                 ; On                 ;
; Auto DSP Block Replacement                                                      ; On                 ; On                 ;
; Auto Shift Register Replacement                                                 ; Auto               ; Auto               ;
; Allow Shift Register Merging across Hierarchies                                 ; Auto               ; Auto               ;
; Auto Clock Enable Replacement                                                   ; On                 ; On                 ;
; Strict RAM Replacement                                                          ; Off                ; Off                ;
; Allow Synchronous Control Signals                                               ; On                 ; On                 ;
; Force Use of Synchronous Clear Signals                                          ; Off                ; Off                ;
; Auto Resource Sharing                                                           ; Off                ; Off                ;
; Allow Any RAM Size For Recognition                                              ; Off                ; Off                ;
; Allow Any ROM Size For Recognition                                              ; Off                ; Off                ;
; Allow Any Shift Register Size For Recognition                                   ; Off                ; Off                ;
; Use LogicLock Constraints during Resource Balancing                             ; On                 ; On                 ;
; Ignore translate_off and synthesis_off directives                               ; Off                ; Off                ;
; Timing-Driven Synthesis                                                         ; On                 ; On                 ;
; Report Parameter Settings                                                       ; On                 ; On                 ;
; Report Source Assignments                                                       ; On                 ; On                 ;
; Report Connectivity Checks                                                      ; On                 ; On                 ;
; Ignore Maximum Fan-Out Assignments                                              ; Off                ; Off                ;
; Synchronization Register Chain Length                                           ; 3                  ; 3                  ;
; Power Optimization During Synthesis                                             ; Normal compilation ; Normal compilation ;
; HDL message level                                                               ; Level2             ; Level2             ;
; Suppress Register Optimization Related Messages                                 ; Off                ; Off                ;
; Number of Removed Registers Reported in Synthesis Report                        ; 5000               ; 5000               ;
; Number of Swept Nodes Reported in Synthesis Report                              ; 5000               ; 5000               ;
; Number of Inverted Registers Reported in Synthesis Report                       ; 100                ; 100                ;
; Clock MUX Protection                                                            ; On                 ; On                 ;
; Auto Gated Clock Conversion                                                     ; Off                ; Off                ;
; Block Design Naming                                                             ; Auto               ; Auto               ;
; SDC constraint protection                                                       ; Off                ; Off                ;
; Synthesis Effort                                                                ; Auto               ; Auto               ;
; Shift Register Replacement - Allow Asynchronous Clear Signal                    ; On                 ; On                 ;
; Pre-Mapping Resynthesis Optimization                                            ; Off                ; Off                ;
; Analysis & Synthesis Message Level                                              ; Medium             ; Medium             ;
; Disable Register Merging Across Hierarchies                                     ; Auto               ; Auto               ;
; Resource Aware Inference For Block RAM                                          ; On                 ; On                 ;
; Automatic Parallel Synthesis                                                    ; On                 ; On                 ;
; Partial Reconfiguration Bitstream ID                                            ; Off                ; Off                ;
+---------------------------------------------------------------------------------+--------------------+--------------------+


+------------------------------------------+
; Parallel Compilation                     ;
+----------------------------+-------------+
; Processors                 ; Number      ;
+----------------------------+-------------+
; Number detected on machine ; 8           ;
; Maximum allowed            ; 4           ;
;                            ;             ;
; Average used               ; 1.00        ;
; Maximum used               ; 4           ;
;                            ;             ;
; Usage by Processor         ; % Time Used ;
;     Processor 1            ; 100.0%      ;
;     Processors 2-4         ;   0.0%      ;
+----------------------------+-------------+


+---------------------------------------------------------------------------------------------------------------------------------------------------------------------+
; Analysis & Synthesis Source Files Read                                                                                                                              ;
+----------------------------------+-----------------+------------------------------+-----------------------------------------------------------------------+---------+
; File Name with User-Entered Path ; Used in Netlist ; File Type                    ; File Name with Absolute Path                                          ; Library ;
+----------------------------------+-----------------+------------------------------+-----------------------------------------------------------------------+---------+
; v/SEG7_LUT.v                     ; yes             ; User Verilog HDL File        ; D:/TEC/FUNDA/Demonstration/FPGA/DE10_Standard_PS2/v/SEG7_LUT.v        ;         ;
; v/ps2.v                          ; yes             ; User Verilog HDL File        ; D:/TEC/FUNDA/Demonstration/FPGA/DE10_Standard_PS2/v/ps2.v             ;         ;
; de10_standard_ps2.v              ; yes             ; Auto-Found Verilog HDL File  ; D:/TEC/FUNDA/Demonstration/FPGA/DE10_Standard_PS2/de10_standard_ps2.v ;         ;
+----------------------------------+-----------------+------------------------------+-----------------------------------------------------------------------+---------+


+-----------------------------------------------------------------+
; Analysis & Synthesis Resource Usage Summary                     ;
+---------------------------------------------+-------------------+
; Resource                                    ; Usage             ;
+---------------------------------------------+-------------------+
; Estimate of Logic utilization (ALMs needed) ; 27                ;
;                                             ;                   ;
; Combinational ALUT usage for logic          ; 43                ;
;     -- 7 input functions                    ; 2                 ;
;     -- 6 input functions                    ; 5                 ;
;     -- 5 input functions                    ; 2                 ;
;     -- 4 input functions                    ; 13                ;
;     -- <=3 input functions                  ; 21                ;
;                                             ;                   ;
; Dedicated logic registers                   ; 41                ;
;                                             ;                   ;
; I/O pins                                    ; 168               ;
;                                             ;                   ;
; Total DSP Blocks                            ; 0                 ;
;                                             ;                   ;
; Maximum fan-out node                        ; ps2:U1|clk_div[8] ;
; Maximum fan-out                             ; 17                ;
; Total fan-out                               ; 450               ;
; Average fan-out                             ; 1.01              ;
+---------------------------------------------+-------------------+


+----------------------------------------------------------------------------------------------------------------------------------------------------------------------------------------------------------------+
; Analysis & Synthesis Resource Utilization by Entity                                                                                                                                                            ;
+----------------------------+---------------------+---------------------------+-------------------+------------+------+--------------+---------------------------------------+-------------------+--------------+
; Compilation Hierarchy Node ; Combinational ALUTs ; Dedicated Logic Registers ; Block Memory Bits ; DSP Blocks ; Pins ; Virtual Pins ; Full Hierarchy Name                   ; Entity Name       ; Library Name ;
+----------------------------+---------------------+---------------------------+-------------------+------------+------+--------------+---------------------------------------+-------------------+--------------+
; |DE10_Standard_PS2         ; 43 (0)              ; 41 (0)                    ; 0                 ; 0          ; 168  ; 0            ; |DE10_Standard_PS2                    ; DE10_Standard_PS2 ; work         ;
;    |ps2:U1|                ; 43 (36)             ; 41 (41)                   ; 0                 ; 0          ; 0    ; 0            ; |DE10_Standard_PS2|ps2:U1             ; ps2               ; work         ;
;       |SEG7_LUT:U1|        ; 7 (7)               ; 0 (0)                     ; 0                 ; 0          ; 0    ; 0            ; |DE10_Standard_PS2|ps2:U1|SEG7_LUT:U1 ; SEG7_LUT          ; work         ;
+----------------------------+---------------------+---------------------------+-------------------+------------+------+--------------+---------------------------------------+-------------------+--------------+
Note: For table entries with two numbers listed, the numbers in parentheses indicate the number of resources of the given type used by the specific entity alone. The numbers listed outside of parentheses indicate the total resources of the given type used by the specific entity and all of its sub-entities in the hierarchy.


+------------------------------------------------------+
; General Register Statistics                          ;
+----------------------------------------------+-------+
; Statistic                                    ; Value ;
+----------------------------------------------+-------+
; Total registers                              ; 41    ;
; Number of registers using Synchronous Clear  ; 8     ;
; Number of registers using Synchronous Load   ; 0     ;
; Number of registers using Asynchronous Clear ; 10    ;
; Number of registers using Asynchronous Load  ; 0     ;
; Number of registers using Clock Enable       ; 4     ;
; Number of registers using Preset             ; 0     ;
+----------------------------------------------+-------+


+-----------------------------------------------------------------------------------------------------------------------------------------------------+
; Multiplexer Restructuring Statistics (No Restructuring Performed)                                                                                   ;
+--------------------+-----------+---------------+----------------------+------------------------+------------+---------------------------------------+
; Multiplexer Inputs ; Bus Width ; Baseline Area ; Area if Restructured ; Saving if Restructured ; Registered ; Example Multiplexer Output            ;
+--------------------+-----------+---------------+----------------------+------------------------+------------+---------------------------------------+
; 256:1              ; 4 bits    ; 680 LEs       ; 40 LEs               ; 640 LEs                ; Yes        ; |DE10_Standard_PS2|ps2:U1|char_reg[0] ;
+--------------------+-----------+---------------+----------------------+------------------------+------------+---------------------------------------+


+-----------------------------------------------------+
; Parameter Settings for User Entity Instance: ps2:U1 ;
+--------------------+----------+---------------------+
; Parameter Name     ; Value    ; Type                ;
+--------------------+----------+---------------------+
; SCANCODE_0         ; 01000101 ; Unsigned Binary     ;
; SCANCODE_1         ; 00010110 ; Unsigned Binary     ;
; SCANCODE_2         ; 00011110 ; Unsigned Binary     ;
; SCANCODE_3         ; 00100110 ; Unsigned Binary     ;
; SCANCODE_4         ; 00100101 ; Unsigned Binary     ;
; SCANCODE_5         ; 00101110 ; Unsigned Binary     ;
; SCANCODE_6         ; 00110110 ; Unsigned Binary     ;
; SCANCODE_7         ; 00111101 ; Unsigned Binary     ;
; SCANCODE_8         ; 00111110 ; Unsigned Binary     ;
; SCANCODE_9         ; 01000110 ; Unsigned Binary     ;
; SCANCODE_PLUS      ; 01111001 ; Unsigned Binary     ;
; SCANCODE_MINUS     ; 01111011 ; Unsigned Binary     ;
; SCANCODE_MUL       ; 01111100 ; Unsigned Binary     ;
; SCANCODE_DIV       ; 01001010 ; Unsigned Binary     ;
; SCANCODE_ENTER     ; 01011010 ; Unsigned Binary     ;
; SCANCODE_BACKSPACE ; 01100110 ; Unsigned Binary     ;
+--------------------+----------+---------------------+
Note: In order to hide this table in the UI and the text report file, please set the "Show Parameter Settings in Synthesis Report" option in "Analysis and Synthesis Settings -> More Settings" to "Off".


+------------------------------------------------+
; Port Connectivity Checks: "ps2:U1|SEG7_LUT:U4" ;
+------+-------+----------+----------------------+
; Port ; Type  ; Severity ; Details              ;
+------+-------+----------+----------------------+
; iDIG ; Input ; Info     ; Stuck at GND         ;
+------+-------+----------+----------------------+


+------------------------------------------------+
; Port Connectivity Checks: "ps2:U1|SEG7_LUT:U3" ;
+------+-------+----------+----------------------+
; Port ; Type  ; Severity ; Details              ;
+------+-------+----------+----------------------+
; iDIG ; Input ; Info     ; Stuck at GND         ;
+------+-------+----------+----------------------+


+------------------------------------------------+
; Port Connectivity Checks: "ps2:U1|SEG7_LUT:U2" ;
+------+-------+----------+----------------------+
; Port ; Type  ; Severity ; Details              ;
+------+-------+----------+----------------------+
; iDIG ; Input ; Info     ; Stuck at GND         ;
+------+-------+----------+----------------------+


+-----------------------------------------------------+
; Post-Synthesis Netlist Statistics for Top Partition ;
+-----------------------+-----------------------------+
; Type                  ; Count                       ;
+-----------------------+-----------------------------+
; arriav_ff             ; 41                          ;
;     CLR               ; 6                           ;
;     ENA CLR           ; 4                           ;
;     SCLR              ; 8                           ;
;     plain             ; 23                          ;
; arriav_io_obuf        ; 24                          ;
; arriav_lcell_comb     ; 46                          ;
;     arith             ; 16                          ;
;         1 data inputs ; 15                          ;
;         2 data inputs ; 1                           ;
;     extend            ; 2                           ;
;         7 data inputs ; 2                           ;
;     normal            ; 28                          ;
;         0 data inputs ; 2                           ;
;         1 data inputs ; 3                           ;
;         2 data inputs ; 2                           ;
;         3 data inputs ; 1                           ;
;         4 data inputs ; 13                          ;
;         5 data inputs ; 2                           ;
;         6 data inputs ; 5                           ;
; boundary_port         ; 168                         ;
;                       ;                             ;
; Max LUT depth         ; 3.00                        ;
; Average LUT depth     ; 1.22                        ;
+-----------------------+-----------------------------+


+-------------------------------+
; Elapsed Time Per Partition    ;
+----------------+--------------+
; Partition Name ; Elapsed Time ;
+----------------+--------------+
; Top            ; 00:00:00     ;
+----------------+--------------+


+-------------------------------+
; Analysis & Synthesis Messages ;
+-------------------------------+
Info: *******************************************************************
Info: Running Quartus Prime Analysis & Synthesis
    Info: Version 24.1std.0 Build 1077 03/04/2025 SC Lite Edition
    Info: Processing started: Sat Jun 14 07:02:22 2025
Info: Command: quartus_map --read_settings_files=on --write_settings_files=off DE10_Standard_PS2 -c DE10_Standard_PS2
Info (16303): Aggressive Performance optimization mode selected -- timing performance will be prioritized at the potential cost of increased logic area and compilation time
Warning (18236): Number of processors has not been specified which may cause overloading on shared machines.  Set the global assignment NUM_PARALLEL_PROCESSORS in your QSF to an appropriate value for best performance.
Info (20030): Parallel compilation is enabled and will use 4 of the 4 processors detected
Info (12021): Found 1 design units, including 1 entities, in source file v/seg7_lut.v
    Info (12023): Found entity 1: SEG7_LUT File: D:/TEC/FUNDA/Demonstration/FPGA/DE10_Standard_PS2/v/SEG7_LUT.v Line: 4
Info (12021): Found 1 design units, including 1 entities, in source file v/ps2.v
    Info (12023): Found entity 1: ps2 File: D:/TEC/FUNDA/Demonstration/FPGA/DE10_Standard_PS2/v/ps2.v Line: 1
Warning (12125): Using design file de10_standard_ps2.v, which is not specified as a design file for the current project, but contains definitions for 1 design units and 1 entities in project
    Info (12023): Found entity 1: DE10_Standard_PS2 File: D:/TEC/FUNDA/Demonstration/FPGA/DE10_Standard_PS2/de10_standard_ps2.v Line: 6
Info (12127): Elaborating entity "DE10_Standard_PS2" for the top level hierarchy
Warning (10036): Verilog HDL or VHDL warning at de10_standard_ps2.v(102): object "action" assigned a value but never read File: D:/TEC/FUNDA/Demonstration/FPGA/DE10_Standard_PS2/de10_standard_ps2.v Line: 102
Warning (10034): Output port "LEDR[9..3]" at de10_standard_ps2.v(21) has no driver File: D:/TEC/FUNDA/Demonstration/FPGA/DE10_Standard_PS2/de10_standard_ps2.v Line: 21
Warning (10034): Output port "HEX4" at de10_standard_ps2.v(28) has no driver File: D:/TEC/FUNDA/Demonstration/FPGA/DE10_Standard_PS2/de10_standard_ps2.v Line: 28
Warning (10034): Output port "HEX5" at de10_standard_ps2.v(29) has no driver File: D:/TEC/FUNDA/Demonstration/FPGA/DE10_Standard_PS2/de10_standard_ps2.v Line: 29
Warning (10034): Output port "DRAM_ADDR" at de10_standard_ps2.v(32) has no driver File: D:/TEC/FUNDA/Demonstration/FPGA/DE10_Standard_PS2/de10_standard_ps2.v Line: 32
Warning (10034): Output port "DRAM_BA" at de10_standard_ps2.v(33) has no driver File: D:/TEC/FUNDA/Demonstration/FPGA/DE10_Standard_PS2/de10_standard_ps2.v Line: 33
Warning (10034): Output port "VGA_B" at de10_standard_ps2.v(53) has no driver File: D:/TEC/FUNDA/Demonstration/FPGA/DE10_Standard_PS2/de10_standard_ps2.v Line: 53
Warning (10034): Output port "VGA_G" at de10_standard_ps2.v(55) has no driver File: D:/TEC/FUNDA/Demonstration/FPGA/DE10_Standard_PS2/de10_standard_ps2.v Line: 55
Warning (10034): Output port "VGA_R" at de10_standard_ps2.v(57) has no driver File: D:/TEC/FUNDA/Demonstration/FPGA/DE10_Standard_PS2/de10_standard_ps2.v Line: 57
Warning (10034): Output port "DRAM_CAS_N" at de10_standard_ps2.v(34) has no driver File: D:/TEC/FUNDA/Demonstration/FPGA/DE10_Standard_PS2/de10_standard_ps2.v Line: 34
Warning (10034): Output port "DRAM_CKE" at de10_standard_ps2.v(35) has no driver File: D:/TEC/FUNDA/Demonstration/FPGA/DE10_Standard_PS2/de10_standard_ps2.v Line: 35
Warning (10034): Output port "DRAM_CLK" at de10_standard_ps2.v(36) has no driver File: D:/TEC/FUNDA/Demonstration/FPGA/DE10_Standard_PS2/de10_standard_ps2.v Line: 36
Warning (10034): Output port "DRAM_CS_N" at de10_standard_ps2.v(37) has no driver File: D:/TEC/FUNDA/Demonstration/FPGA/DE10_Standard_PS2/de10_standard_ps2.v Line: 37
Warning (10034): Output port "DRAM_LDQM" at de10_standard_ps2.v(39) has no driver File: D:/TEC/FUNDA/Demonstration/FPGA/DE10_Standard_PS2/de10_standard_ps2.v Line: 39
Warning (10034): Output port "DRAM_RAS_N" at de10_standard_ps2.v(40) has no driver File: D:/TEC/FUNDA/Demonstration/FPGA/DE10_Standard_PS2/de10_standard_ps2.v Line: 40
Warning (10034): Output port "DRAM_UDQM" at de10_standard_ps2.v(41) has no driver File: D:/TEC/FUNDA/Demonstration/FPGA/DE10_Standard_PS2/de10_standard_ps2.v Line: 41
Warning (10034): Output port "DRAM_WE_N" at de10_standard_ps2.v(42) has no driver File: D:/TEC/FUNDA/Demonstration/FPGA/DE10_Standard_PS2/de10_standard_ps2.v Line: 42
Warning (10034): Output port "VGA_CLK" at de10_standard_ps2.v(54) has no driver File: D:/TEC/FUNDA/Demonstration/FPGA/DE10_Standard_PS2/de10_standard_ps2.v Line: 54
Warning (10034): Output port "VGA_HS" at de10_standard_ps2.v(56) has no driver File: D:/TEC/FUNDA/Demonstration/FPGA/DE10_Standard_PS2/de10_standard_ps2.v Line: 56
Warning (10034): Output port "VGA_VS" at de10_standard_ps2.v(59) has no driver File: D:/TEC/FUNDA/Demonstration/FPGA/DE10_Standard_PS2/de10_standard_ps2.v Line: 59
Warning (10034): Output port "AUD_DACDAT" at de10_standard_ps2.v(65) has no driver File: D:/TEC/FUNDA/Demonstration/FPGA/DE10_Standard_PS2/de10_standard_ps2.v Line: 65
Warning (10034): Output port "AUD_XCK" at de10_standard_ps2.v(67) has no driver File: D:/TEC/FUNDA/Demonstration/FPGA/DE10_Standard_PS2/de10_standard_ps2.v Line: 67
Warning (10034): Output port "ADC_CONVST" at de10_standard_ps2.v(76) has no driver File: D:/TEC/FUNDA/Demonstration/FPGA/DE10_Standard_PS2/de10_standard_ps2.v Line: 76
Warning (10034): Output port "ADC_DIN" at de10_standard_ps2.v(77) has no driver File: D:/TEC/FUNDA/Demonstration/FPGA/DE10_Standard_PS2/de10_standard_ps2.v Line: 77
Warning (10034): Output port "ADC_SCLK" at de10_standard_ps2.v(79) has no driver File: D:/TEC/FUNDA/Demonstration/FPGA/DE10_Standard_PS2/de10_standard_ps2.v Line: 79
Warning (10034): Output port "FPGA_I2C_SCLK" at de10_standard_ps2.v(82) has no driver File: D:/TEC/FUNDA/Demonstration/FPGA/DE10_Standard_PS2/de10_standard_ps2.v Line: 82
Warning (10034): Output port "IRDA_TXD" at de10_standard_ps2.v(88) has no driver File: D:/TEC/FUNDA/Demonstration/FPGA/DE10_Standard_PS2/de10_standard_ps2.v Line: 88
Info (12128): Elaborating entity "ps2" for hierarchy "ps2:U1" File: D:/TEC/FUNDA/Demonstration/FPGA/DE10_Standard_PS2/de10_standard_ps2.v Line: 135
Warning (10230): Verilog HDL assignment warning at ps2.v(91): truncated value with size 32 to match size of target (9) File: D:/TEC/FUNDA/Demonstration/FPGA/DE10_Standard_PS2/v/ps2.v Line: 91
Warning (10230): Verilog HDL assignment warning at ps2.v(99): truncated value with size 32 to match size of target (8) File: D:/TEC/FUNDA/Demonstration/FPGA/DE10_Standard_PS2/v/ps2.v Line: 99
Warning (10230): Verilog HDL assignment warning at ps2.v(111): truncated value with size 32 to match size of target (6) File: D:/TEC/FUNDA/Demonstration/FPGA/DE10_Standard_PS2/v/ps2.v Line: 111
Info (12128): Elaborating entity "SEG7_LUT" for hierarchy "ps2:U1|SEG7_LUT:U1" File: D:/TEC/FUNDA/Demonstration/FPGA/DE10_Standard_PS2/v/ps2.v Line: 58
Warning (13039): The following bidirectional pins have no drivers
    Warning (13040): bidirectional pin "DRAM_DQ[0]" has no driver File: D:/TEC/FUNDA/Demonstration/FPGA/DE10_Standard_PS2/de10_standard_ps2.v Line: 38
    Warning (13040): bidirectional pin "DRAM_DQ[1]" has no driver File: D:/TEC/FUNDA/Demonstration/FPGA/DE10_Standard_PS2/de10_standard_ps2.v Line: 38
    Warning (13040): bidirectional pin "DRAM_DQ[2]" has no driver File: D:/TEC/FUNDA/Demonstration/FPGA/DE10_Standard_PS2/de10_standard_ps2.v Line: 38
    Warning (13040): bidirectional pin "DRAM_DQ[3]" has no driver File: D:/TEC/FUNDA/Demonstration/FPGA/DE10_Standard_PS2/de10_standard_ps2.v Line: 38
    Warning (13040): bidirectional pin "DRAM_DQ[4]" has no driver File: D:/TEC/FUNDA/Demonstration/FPGA/DE10_Standard_PS2/de10_standard_ps2.v Line: 38
    Warning (13040): bidirectional pin "DRAM_DQ[5]" has no driver File: D:/TEC/FUNDA/Demonstration/FPGA/DE10_Standard_PS2/de10_standard_ps2.v Line: 38
    Warning (13040): bidirectional pin "DRAM_DQ[6]" has no driver File: D:/TEC/FUNDA/Demonstration/FPGA/DE10_Standard_PS2/de10_standard_ps2.v Line: 38
    Warning (13040): bidirectional pin "DRAM_DQ[7]" has no driver File: D:/TEC/FUNDA/Demonstration/FPGA/DE10_Standard_PS2/de10_standard_ps2.v Line: 38
    Warning (13040): bidirectional pin "DRAM_DQ[8]" has no driver File: D:/TEC/FUNDA/Demonstration/FPGA/DE10_Standard_PS2/de10_standard_ps2.v Line: 38
    Warning (13040): bidirectional pin "DRAM_DQ[9]" has no driver File: D:/TEC/FUNDA/Demonstration/FPGA/DE10_Standard_PS2/de10_standard_ps2.v Line: 38
    Warning (13040): bidirectional pin "DRAM_DQ[10]" has no driver File: D:/TEC/FUNDA/Demonstration/FPGA/DE10_Standard_PS2/de10_standard_ps2.v Line: 38
    Warning (13040): bidirectional pin "DRAM_DQ[11]" has no driver File: D:/TEC/FUNDA/Demonstration/FPGA/DE10_Standard_PS2/de10_standard_ps2.v Line: 38
    Warning (13040): bidirectional pin "DRAM_DQ[12]" has no driver File: D:/TEC/FUNDA/Demonstration/FPGA/DE10_Standard_PS2/de10_standard_ps2.v Line: 38
    Warning (13040): bidirectional pin "DRAM_DQ[13]" has no driver File: D:/TEC/FUNDA/Demonstration/FPGA/DE10_Standard_PS2/de10_standard_ps2.v Line: 38
    Warning (13040): bidirectional pin "DRAM_DQ[14]" has no driver File: D:/TEC/FUNDA/Demonstration/FPGA/DE10_Standard_PS2/de10_standard_ps2.v Line: 38
    Warning (13040): bidirectional pin "DRAM_DQ[15]" has no driver File: D:/TEC/FUNDA/Demonstration/FPGA/DE10_Standard_PS2/de10_standard_ps2.v Line: 38
    Warning (13040): bidirectional pin "AUD_ADCLRCK" has no driver File: D:/TEC/FUNDA/Demonstration/FPGA/DE10_Standard_PS2/de10_standard_ps2.v Line: 63
    Warning (13040): bidirectional pin "AUD_BCLK" has no driver File: D:/TEC/FUNDA/Demonstration/FPGA/DE10_Standard_PS2/de10_standard_ps2.v Line: 64
    Warning (13040): bidirectional pin "AUD_DACLRCK" has no driver File: D:/TEC/FUNDA/Demonstration/FPGA/DE10_Standard_PS2/de10_standard_ps2.v Line: 66
    Warning (13040): bidirectional pin "PS2_CLK2" has no driver File: D:/TEC/FUNDA/Demonstration/FPGA/DE10_Standard_PS2/de10_standard_ps2.v Line: 71
    Warning (13040): bidirectional pin "PS2_DAT2" has no driver File: D:/TEC/FUNDA/Demonstration/FPGA/DE10_Standard_PS2/de10_standard_ps2.v Line: 73
    Warning (13040): bidirectional pin "FPGA_I2C_SDAT" has no driver File: D:/TEC/FUNDA/Demonstration/FPGA/DE10_Standard_PS2/de10_standard_ps2.v Line: 83
Warning (13024): Output pins are stuck at VCC or GND
    Warning (13410): Pin "LEDR[0]" is stuck at GND File: D:/TEC/FUNDA/Demonstration/FPGA/DE10_Standard_PS2/de10_standard_ps2.v Line: 21
    Warning (13410): Pin "LEDR[1]" is stuck at GND File: D:/TEC/FUNDA/Demonstration/FPGA/DE10_Standard_PS2/de10_standard_ps2.v Line: 21
    Warning (13410): Pin "LEDR[2]" is stuck at GND File: D:/TEC/FUNDA/Demonstration/FPGA/DE10_Standard_PS2/de10_standard_ps2.v Line: 21
    Warning (13410): Pin "LEDR[3]" is stuck at GND File: D:/TEC/FUNDA/Demonstration/FPGA/DE10_Standard_PS2/de10_standard_ps2.v Line: 21
    Warning (13410): Pin "LEDR[4]" is stuck at GND File: D:/TEC/FUNDA/Demonstration/FPGA/DE10_Standard_PS2/de10_standard_ps2.v Line: 21
    Warning (13410): Pin "LEDR[5]" is stuck at GND File: D:/TEC/FUNDA/Demonstration/FPGA/DE10_Standard_PS2/de10_standard_ps2.v Line: 21
    Warning (13410): Pin "LEDR[6]" is stuck at GND File: D:/TEC/FUNDA/Demonstration/FPGA/DE10_Standard_PS2/de10_standard_ps2.v Line: 21
    Warning (13410): Pin "LEDR[7]" is stuck at GND File: D:/TEC/FUNDA/Demonstration/FPGA/DE10_Standard_PS2/de10_standard_ps2.v Line: 21
    Warning (13410): Pin "LEDR[8]" is stuck at GND File: D:/TEC/FUNDA/Demonstration/FPGA/DE10_Standard_PS2/de10_standard_ps2.v Line: 21
    Warning (13410): Pin "LEDR[9]" is stuck at GND File: D:/TEC/FUNDA/Demonstration/FPGA/DE10_Standard_PS2/de10_standard_ps2.v Line: 21
    Warning (13410): Pin "HEX1[0]" is stuck at GND File: D:/TEC/FUNDA/Demonstration/FPGA/DE10_Standard_PS2/de10_standard_ps2.v Line: 25
    Warning (13410): Pin "HEX1[1]" is stuck at GND File: D:/TEC/FUNDA/Demonstration/FPGA/DE10_Standard_PS2/de10_standard_ps2.v Line: 25
    Warning (13410): Pin "HEX1[2]" is stuck at GND File: D:/TEC/FUNDA/Demonstration/FPGA/DE10_Standard_PS2/de10_standard_ps2.v Line: 25
    Warning (13410): Pin "HEX1[3]" is stuck at GND File: D:/TEC/FUNDA/Demonstration/FPGA/DE10_Standard_PS2/de10_standard_ps2.v Line: 25
    Warning (13410): Pin "HEX1[4]" is stuck at GND File: D:/TEC/FUNDA/Demonstration/FPGA/DE10_Standard_PS2/de10_standard_ps2.v Line: 25
    Warning (13410): Pin "HEX1[5]" is stuck at GND File: D:/TEC/FUNDA/Demonstration/FPGA/DE10_Standard_PS2/de10_standard_ps2.v Line: 25
    Warning (13410): Pin "HEX1[6]" is stuck at VCC File: D:/TEC/FUNDA/Demonstration/FPGA/DE10_Standard_PS2/de10_standard_ps2.v Line: 25
    Warning (13410): Pin "HEX2[0]" is stuck at GND File: D:/TEC/FUNDA/Demonstration/FPGA/DE10_Standard_PS2/de10_standard_ps2.v Line: 26
    Warning (13410): Pin "HEX2[1]" is stuck at GND File: D:/TEC/FUNDA/Demonstration/FPGA/DE10_Standard_PS2/de10_standard_ps2.v Line: 26
    Warning (13410): Pin "HEX2[2]" is stuck at GND File: D:/TEC/FUNDA/Demonstration/FPGA/DE10_Standard_PS2/de10_standard_ps2.v Line: 26
    Warning (13410): Pin "HEX2[3]" is stuck at GND File: D:/TEC/FUNDA/Demonstration/FPGA/DE10_Standard_PS2/de10_standard_ps2.v Line: 26
    Warning (13410): Pin "HEX2[4]" is stuck at GND File: D:/TEC/FUNDA/Demonstration/FPGA/DE10_Standard_PS2/de10_standard_ps2.v Line: 26
    Warning (13410): Pin "HEX2[5]" is stuck at GND File: D:/TEC/FUNDA/Demonstration/FPGA/DE10_Standard_PS2/de10_standard_ps2.v Line: 26
    Warning (13410): Pin "HEX2[6]" is stuck at VCC File: D:/TEC/FUNDA/Demonstration/FPGA/DE10_Standard_PS2/de10_standard_ps2.v Line: 26
    Warning (13410): Pin "HEX3[0]" is stuck at GND File: D:/TEC/FUNDA/Demonstration/FPGA/DE10_Standard_PS2/de10_standard_ps2.v Line: 27
    Warning (13410): Pin "HEX3[1]" is stuck at GND File: D:/TEC/FUNDA/Demonstration/FPGA/DE10_Standard_PS2/de10_standard_ps2.v Line: 27
    Warning (13410): Pin "HEX3[2]" is stuck at GND File: D:/TEC/FUNDA/Demonstration/FPGA/DE10_Standard_PS2/de10_standard_ps2.v Line: 27
    Warning (13410): Pin "HEX3[3]" is stuck at GND File: D:/TEC/FUNDA/Demonstration/FPGA/DE10_Standard_PS2/de10_standard_ps2.v Line: 27
    Warning (13410): Pin "HEX3[4]" is stuck at GND File: D:/TEC/FUNDA/Demonstration/FPGA/DE10_Standard_PS2/de10_standard_ps2.v Line: 27
    Warning (13410): Pin "HEX3[5]" is stuck at GND File: D:/TEC/FUNDA/Demonstration/FPGA/DE10_Standard_PS2/de10_standard_ps2.v Line: 27
    Warning (13410): Pin "HEX3[6]" is stuck at VCC File: D:/TEC/FUNDA/Demonstration/FPGA/DE10_Standard_PS2/de10_standard_ps2.v Line: 27
    Warning (13410): Pin "HEX4[0]" is stuck at GND File: D:/TEC/FUNDA/Demonstration/FPGA/DE10_Standard_PS2/de10_standard_ps2.v Line: 28
    Warning (13410): Pin "HEX4[1]" is stuck at GND File: D:/TEC/FUNDA/Demonstration/FPGA/DE10_Standard_PS2/de10_standard_ps2.v Line: 28
    Warning (13410): Pin "HEX4[2]" is stuck at GND File: D:/TEC/FUNDA/Demonstration/FPGA/DE10_Standard_PS2/de10_standard_ps2.v Line: 28
    Warning (13410): Pin "HEX4[3]" is stuck at GND File: D:/TEC/FUNDA/Demonstration/FPGA/DE10_Standard_PS2/de10_standard_ps2.v Line: 28
    Warning (13410): Pin "HEX4[4]" is stuck at GND File: D:/TEC/FUNDA/Demonstration/FPGA/DE10_Standard_PS2/de10_standard_ps2.v Line: 28
    Warning (13410): Pin "HEX4[5]" is stuck at GND File: D:/TEC/FUNDA/Demonstration/FPGA/DE10_Standard_PS2/de10_standard_ps2.v Line: 28
    Warning (13410): Pin "HEX4[6]" is stuck at GND File: D:/TEC/FUNDA/Demonstration/FPGA/DE10_Standard_PS2/de10_standard_ps2.v Line: 28
    Warning (13410): Pin "HEX5[0]" is stuck at GND File: D:/TEC/FUNDA/Demonstration/FPGA/DE10_Standard_PS2/de10_standard_ps2.v Line: 29
    Warning (13410): Pin "HEX5[1]" is stuck at GND File: D:/TEC/FUNDA/Demonstration/FPGA/DE10_Standard_PS2/de10_standard_ps2.v Line: 29
    Warning (13410): Pin "HEX5[2]" is stuck at GND File: D:/TEC/FUNDA/Demonstration/FPGA/DE10_Standard_PS2/de10_standard_ps2.v Line: 29
    Warning (13410): Pin "HEX5[3]" is stuck at GND File: D:/TEC/FUNDA/Demonstration/FPGA/DE10_Standard_PS2/de10_standard_ps2.v Line: 29
    Warning (13410): Pin "HEX5[4]" is stuck at GND File: D:/TEC/FUNDA/Demonstration/FPGA/DE10_Standard_PS2/de10_standard_ps2.v Line: 29
    Warning (13410): Pin "HEX5[5]" is stuck at GND File: D:/TEC/FUNDA/Demonstration/FPGA/DE10_Standard_PS2/de10_standard_ps2.v Line: 29
    Warning (13410): Pin "HEX5[6]" is stuck at GND File: D:/TEC/FUNDA/Demonstration/FPGA/DE10_Standard_PS2/de10_standard_ps2.v Line: 29
    Warning (13410): Pin "DRAM_ADDR[0]" is stuck at GND File: D:/TEC/FUNDA/Demonstration/FPGA/DE10_Standard_PS2/de10_standard_ps2.v Line: 32
    Warning (13410): Pin "DRAM_ADDR[1]" is stuck at GND File: D:/TEC/FUNDA/Demonstration/FPGA/DE10_Standard_PS2/de10_standard_ps2.v Line: 32
    Warning (13410): Pin "DRAM_ADDR[2]" is stuck at GND File: D:/TEC/FUNDA/Demonstration/FPGA/DE10_Standard_PS2/de10_standard_ps2.v Line: 32
    Warning (13410): Pin "DRAM_ADDR[3]" is stuck at GND File: D:/TEC/FUNDA/Demonstration/FPGA/DE10_Standard_PS2/de10_standard_ps2.v Line: 32
    Warning (13410): Pin "DRAM_ADDR[4]" is stuck at GND File: D:/TEC/FUNDA/Demonstration/FPGA/DE10_Standard_PS2/de10_standard_ps2.v Line: 32
    Warning (13410): Pin "DRAM_ADDR[5]" is stuck at GND File: D:/TEC/FUNDA/Demonstration/FPGA/DE10_Standard_PS2/de10_standard_ps2.v Line: 32
    Warning (13410): Pin "DRAM_ADDR[6]" is stuck at GND File: D:/TEC/FUNDA/Demonstration/FPGA/DE10_Standard_PS2/de10_standard_ps2.v Line: 32
    Warning (13410): Pin "DRAM_ADDR[7]" is stuck at GND File: D:/TEC/FUNDA/Demonstration/FPGA/DE10_Standard_PS2/de10_standard_ps2.v Line: 32
    Warning (13410): Pin "DRAM_ADDR[8]" is stuck at GND File: D:/TEC/FUNDA/Demonstration/FPGA/DE10_Standard_PS2/de10_standard_ps2.v Line: 32
    Warning (13410): Pin "DRAM_ADDR[9]" is stuck at GND File: D:/TEC/FUNDA/Demonstration/FPGA/DE10_Standard_PS2/de10_standard_ps2.v Line: 32
    Warning (13410): Pin "DRAM_ADDR[10]" is stuck at GND File: D:/TEC/FUNDA/Demonstration/FPGA/DE10_Standard_PS2/de10_standard_ps2.v Line: 32
    Warning (13410): Pin "DRAM_ADDR[11]" is stuck at GND File: D:/TEC/FUNDA/Demonstration/FPGA/DE10_Standard_PS2/de10_standard_ps2.v Line: 32
    Warning (13410): Pin "DRAM_ADDR[12]" is stuck at GND File: D:/TEC/FUNDA/Demonstration/FPGA/DE10_Standard_PS2/de10_standard_ps2.v Line: 32
    Warning (13410): Pin "DRAM_BA[0]" is stuck at GND File: D:/TEC/FUNDA/Demonstration/FPGA/DE10_Standard_PS2/de10_standard_ps2.v Line: 33
    Warning (13410): Pin "DRAM_BA[1]" is stuck at GND File: D:/TEC/FUNDA/Demonstration/FPGA/DE10_Standard_PS2/de10_standard_ps2.v Line: 33
    Warning (13410): Pin "DRAM_CAS_N" is stuck at GND File: D:/TEC/FUNDA/Demonstration/FPGA/DE10_Standard_PS2/de10_standard_ps2.v Line: 34
    Warning (13410): Pin "DRAM_CKE" is stuck at GND File: D:/TEC/FUNDA/Demonstration/FPGA/DE10_Standard_PS2/de10_standard_ps2.v Line: 35
    Warning (13410): Pin "DRAM_CLK" is stuck at GND File: D:/TEC/FUNDA/Demonstration/FPGA/DE10_Standard_PS2/de10_standard_ps2.v Line: 36
    Warning (13410): Pin "DRAM_CS_N" is stuck at GND File: D:/TEC/FUNDA/Demonstration/FPGA/DE10_Standard_PS2/de10_standard_ps2.v Line: 37
    Warning (13410): Pin "DRAM_LDQM" is stuck at GND File: D:/TEC/FUNDA/Demonstration/FPGA/DE10_Standard_PS2/de10_standard_ps2.v Line: 39
    Warning (13410): Pin "DRAM_RAS_N" is stuck at GND File: D:/TEC/FUNDA/Demonstration/FPGA/DE10_Standard_PS2/de10_standard_ps2.v Line: 40
    Warning (13410): Pin "DRAM_UDQM" is stuck at GND File: D:/TEC/FUNDA/Demonstration/FPGA/DE10_Standard_PS2/de10_standard_ps2.v Line: 41
    Warning (13410): Pin "DRAM_WE_N" is stuck at GND File: D:/TEC/FUNDA/Demonstration/FPGA/DE10_Standard_PS2/de10_standard_ps2.v Line: 42
    Warning (13410): Pin "VGA_BLANK_N" is stuck at VCC File: D:/TEC/FUNDA/Demonstration/FPGA/DE10_Standard_PS2/de10_standard_ps2.v Line: 52
    Warning (13410): Pin "VGA_B[0]" is stuck at GND File: D:/TEC/FUNDA/Demonstration/FPGA/DE10_Standard_PS2/de10_standard_ps2.v Line: 53
    Warning (13410): Pin "VGA_B[1]" is stuck at GND File: D:/TEC/FUNDA/Demonstration/FPGA/DE10_Standard_PS2/de10_standard_ps2.v Line: 53
    Warning (13410): Pin "VGA_B[2]" is stuck at GND File: D:/TEC/FUNDA/Demonstration/FPGA/DE10_Standard_PS2/de10_standard_ps2.v Line: 53
    Warning (13410): Pin "VGA_B[3]" is stuck at GND File: D:/TEC/FUNDA/Demonstration/FPGA/DE10_Standard_PS2/de10_standard_ps2.v Line: 53
    Warning (13410): Pin "VGA_B[4]" is stuck at GND File: D:/TEC/FUNDA/Demonstration/FPGA/DE10_Standard_PS2/de10_standard_ps2.v Line: 53
    Warning (13410): Pin "VGA_B[5]" is stuck at GND File: D:/TEC/FUNDA/Demonstration/FPGA/DE10_Standard_PS2/de10_standard_ps2.v Line: 53
    Warning (13410): Pin "VGA_B[6]" is stuck at GND File: D:/TEC/FUNDA/Demonstration/FPGA/DE10_Standard_PS2/de10_standard_ps2.v Line: 53
    Warning (13410): Pin "VGA_B[7]" is stuck at GND File: D:/TEC/FUNDA/Demonstration/FPGA/DE10_Standard_PS2/de10_standard_ps2.v Line: 53
    Warning (13410): Pin "VGA_CLK" is stuck at GND File: D:/TEC/FUNDA/Demonstration/FPGA/DE10_Standard_PS2/de10_standard_ps2.v Line: 54
    Warning (13410): Pin "VGA_G[0]" is stuck at GND File: D:/TEC/FUNDA/Demonstration/FPGA/DE10_Standard_PS2/de10_standard_ps2.v Line: 55
    Warning (13410): Pin "VGA_G[1]" is stuck at GND File: D:/TEC/FUNDA/Demonstration/FPGA/DE10_Standard_PS2/de10_standard_ps2.v Line: 55
    Warning (13410): Pin "VGA_G[2]" is stuck at GND File: D:/TEC/FUNDA/Demonstration/FPGA/DE10_Standard_PS2/de10_standard_ps2.v Line: 55
    Warning (13410): Pin "VGA_G[3]" is stuck at GND File: D:/TEC/FUNDA/Demonstration/FPGA/DE10_Standard_PS2/de10_standard_ps2.v Line: 55
    Warning (13410): Pin "VGA_G[4]" is stuck at GND File: D:/TEC/FUNDA/Demonstration/FPGA/DE10_Standard_PS2/de10_standard_ps2.v Line: 55
    Warning (13410): Pin "VGA_G[5]" is stuck at GND File: D:/TEC/FUNDA/Demonstration/FPGA/DE10_Standard_PS2/de10_standard_ps2.v Line: 55
    Warning (13410): Pin "VGA_G[6]" is stuck at GND File: D:/TEC/FUNDA/Demonstration/FPGA/DE10_Standard_PS2/de10_standard_ps2.v Line: 55
    Warning (13410): Pin "VGA_G[7]" is stuck at GND File: D:/TEC/FUNDA/Demonstration/FPGA/DE10_Standard_PS2/de10_standard_ps2.v Line: 55
    Warning (13410): Pin "VGA_HS" is stuck at GND File: D:/TEC/FUNDA/Demonstration/FPGA/DE10_Standard_PS2/de10_standard_ps2.v Line: 56
    Warning (13410): Pin "VGA_R[0]" is stuck at GND File: D:/TEC/FUNDA/Demonstration/FPGA/DE10_Standard_PS2/de10_standard_ps2.v Line: 57
    Warning (13410): Pin "VGA_R[1]" is stuck at GND File: D:/TEC/FUNDA/Demonstration/FPGA/DE10_Standard_PS2/de10_standard_ps2.v Line: 57
    Warning (13410): Pin "VGA_R[2]" is stuck at GND File: D:/TEC/FUNDA/Demonstration/FPGA/DE10_Standard_PS2/de10_standard_ps2.v Line: 57
    Warning (13410): Pin "VGA_R[3]" is stuck at GND File: D:/TEC/FUNDA/Demonstration/FPGA/DE10_Standard_PS2/de10_standard_ps2.v Line: 57
    Warning (13410): Pin "VGA_R[4]" is stuck at GND File: D:/TEC/FUNDA/Demonstration/FPGA/DE10_Standard_PS2/de10_standard_ps2.v Line: 57
    Warning (13410): Pin "VGA_R[5]" is stuck at GND File: D:/TEC/FUNDA/Demonstration/FPGA/DE10_Standard_PS2/de10_standard_ps2.v Line: 57
    Warning (13410): Pin "VGA_R[6]" is stuck at GND File: D:/TEC/FUNDA/Demonstration/FPGA/DE10_Standard_PS2/de10_standard_ps2.v Line: 57
    Warning (13410): Pin "VGA_R[7]" is stuck at GND File: D:/TEC/FUNDA/Demonstration/FPGA/DE10_Standard_PS2/de10_standard_ps2.v Line: 57
    Warning (13410): Pin "VGA_SYNC_N" is stuck at VCC File: D:/TEC/FUNDA/Demonstration/FPGA/DE10_Standard_PS2/de10_standard_ps2.v Line: 58
    Warning (13410): Pin "VGA_VS" is stuck at GND File: D:/TEC/FUNDA/Demonstration/FPGA/DE10_Standard_PS2/de10_standard_ps2.v Line: 59
    Warning (13410): Pin "AUD_DACDAT" is stuck at GND File: D:/TEC/FUNDA/Demonstration/FPGA/DE10_Standard_PS2/de10_standard_ps2.v Line: 65
    Warning (13410): Pin "AUD_XCK" is stuck at GND File: D:/TEC/FUNDA/Demonstration/FPGA/DE10_Standard_PS2/de10_standard_ps2.v Line: 67
    Warning (13410): Pin "ADC_CONVST" is stuck at GND File: D:/TEC/FUNDA/Demonstration/FPGA/DE10_Standard_PS2/de10_standard_ps2.v Line: 76
    Warning (13410): Pin "ADC_DIN" is stuck at GND File: D:/TEC/FUNDA/Demonstration/FPGA/DE10_Standard_PS2/de10_standard_ps2.v Line: 77
    Warning (13410): Pin "ADC_SCLK" is stuck at GND File: D:/TEC/FUNDA/Demonstration/FPGA/DE10_Standard_PS2/de10_standard_ps2.v Line: 79
    Warning (13410): Pin "FPGA_I2C_SCLK" is stuck at GND File: D:/TEC/FUNDA/Demonstration/FPGA/DE10_Standard_PS2/de10_standard_ps2.v Line: 82
    Warning (13410): Pin "IRDA_TXD" is stuck at GND File: D:/TEC/FUNDA/Demonstration/FPGA/DE10_Standard_PS2/de10_standard_ps2.v Line: 88
Info (286030): Timing-Driven Synthesis is running
Info (16010): Generating hard_block partition "hard_block:auto_generated_inst"
    Info (16011): Adding 0 node(s), including 0 DDIO, 0 PLL, 0 transceiver and 0 LCELL
Warning (21074): Design contains 29 input pin(s) that do not drive logic
    Warning (15610): No output dependent on input pin "CLOCK2_50" File: D:/TEC/FUNDA/Demonstration/FPGA/DE10_Standard_PS2/de10_standard_ps2.v Line: 9
    Warning (15610): No output dependent on input pin "CLOCK3_50" File: D:/TEC/FUNDA/Demonstration/FPGA/DE10_Standard_PS2/de10_standard_ps2.v Line: 10
    Warning (15610): No output dependent on input pin "CLOCK4_50" File: D:/TEC/FUNDA/Demonstration/FPGA/DE10_Standard_PS2/de10_standard_ps2.v Line: 11
    Warning (15610): No output dependent on input pin "KEY[0]" File: D:/TEC/FUNDA/Demonstration/FPGA/DE10_Standard_PS2/de10_standard_ps2.v Line: 15
    Warning (15610): No output dependent on input pin "KEY[2]" File: D:/TEC/FUNDA/Demonstration/FPGA/DE10_Standard_PS2/de10_standard_ps2.v Line: 15
    Warning (15610): No output dependent on input pin "KEY[3]" File: D:/TEC/FUNDA/Demonstration/FPGA/DE10_Standard_PS2/de10_standard_ps2.v Line: 15
    Warning (15610): No output dependent on input pin "SW[0]" File: D:/TEC/FUNDA/Demonstration/FPGA/DE10_Standard_PS2/de10_standard_ps2.v Line: 18
    Warning (15610): No output dependent on input pin "SW[1]" File: D:/TEC/FUNDA/Demonstration/FPGA/DE10_Standard_PS2/de10_standard_ps2.v Line: 18
    Warning (15610): No output dependent on input pin "SW[2]" File: D:/TEC/FUNDA/Demonstration/FPGA/DE10_Standard_PS2/de10_standard_ps2.v Line: 18
    Warning (15610): No output dependent on input pin "SW[3]" File: D:/TEC/FUNDA/Demonstration/FPGA/DE10_Standard_PS2/de10_standard_ps2.v Line: 18
    Warning (15610): No output dependent on input pin "SW[4]" File: D:/TEC/FUNDA/Demonstration/FPGA/DE10_Standard_PS2/de10_standard_ps2.v Line: 18
    Warning (15610): No output dependent on input pin "SW[5]" File: D:/TEC/FUNDA/Demonstration/FPGA/DE10_Standard_PS2/de10_standard_ps2.v Line: 18
    Warning (15610): No output dependent on input pin "SW[6]" File: D:/TEC/FUNDA/Demonstration/FPGA/DE10_Standard_PS2/de10_standard_ps2.v Line: 18
    Warning (15610): No output dependent on input pin "SW[7]" File: D:/TEC/FUNDA/Demonstration/FPGA/DE10_Standard_PS2/de10_standard_ps2.v Line: 18
    Warning (15610): No output dependent on input pin "SW[8]" File: D:/TEC/FUNDA/Demonstration/FPGA/DE10_Standard_PS2/de10_standard_ps2.v Line: 18
    Warning (15610): No output dependent on input pin "SW[9]" File: D:/TEC/FUNDA/Demonstration/FPGA/DE10_Standard_PS2/de10_standard_ps2.v Line: 18
    Warning (15610): No output dependent on input pin "TD_CLK27" File: D:/TEC/FUNDA/Demonstration/FPGA/DE10_Standard_PS2/de10_standard_ps2.v Line: 45
    Warning (15610): No output dependent on input pin "TD_DATA[0]" File: D:/TEC/FUNDA/Demonstration/FPGA/DE10_Standard_PS2/de10_standard_ps2.v Line: 46
    Warning (15610): No output dependent on input pin "TD_DATA[1]" File: D:/TEC/FUNDA/Demonstration/FPGA/DE10_Standard_PS2/de10_standard_ps2.v Line: 46
    Warning (15610): No output dependent on input pin "TD_DATA[2]" File: D:/TEC/FUNDA/Demonstration/FPGA/DE10_Standard_PS2/de10_standard_ps2.v Line: 46
    Warning (15610): No output dependent on input pin "TD_DATA[3]" File: D:/TEC/FUNDA/Demonstration/FPGA/DE10_Standard_PS2/de10_standard_ps2.v Line: 46
    Warning (15610): No output dependent on input pin "TD_DATA[4]" File: D:/TEC/FUNDA/Demonstration/FPGA/DE10_Standard_PS2/de10_standard_ps2.v Line: 46
    Warning (15610): No output dependent on input pin "TD_DATA[5]" File: D:/TEC/FUNDA/Demonstration/FPGA/DE10_Standard_PS2/de10_standard_ps2.v Line: 46
    Warning (15610): No output dependent on input pin "TD_DATA[6]" File: D:/TEC/FUNDA/Demonstration/FPGA/DE10_Standard_PS2/de10_standard_ps2.v Line: 46
    Warning (15610): No output dependent on input pin "TD_DATA[7]" File: D:/TEC/FUNDA/Demonstration/FPGA/DE10_Standard_PS2/de10_standard_ps2.v Line: 46
    Warning (15610): No output dependent on input pin "TD_HS" File: D:/TEC/FUNDA/Demonstration/FPGA/DE10_Standard_PS2/de10_standard_ps2.v Line: 47
    Warning (15610): No output dependent on input pin "AUD_ADCDAT" File: D:/TEC/FUNDA/Demonstration/FPGA/DE10_Standard_PS2/de10_standard_ps2.v Line: 62
    Warning (15610): No output dependent on input pin "ADC_DOUT" File: D:/TEC/FUNDA/Demonstration/FPGA/DE10_Standard_PS2/de10_standard_ps2.v Line: 78
    Warning (15610): No output dependent on input pin "IRDA_RXD" File: D:/TEC/FUNDA/Demonstration/FPGA/DE10_Standard_PS2/de10_standard_ps2.v Line: 86
Info (21057): Implemented 225 device resources after synthesis - the final resource count might be different
    Info (21058): Implemented 32 input pins
    Info (21059): Implemented 112 output pins
    Info (21060): Implemented 24 bidirectional pins
    Info (21061): Implemented 57 logic cells
Info: Quartus Prime Analysis & Synthesis was successful. 0 errors, 190 warnings
    Info: Peak virtual memory: 4835 megabytes
    Info: Processing ended: Sat Jun 14 07:02:34 2025
    Info: Elapsed time: 00:00:12
    Info: Total CPU time (on all processors): 00:00:31


